<?xml version="1.0" encoding="UTF-8"?>
<testsuites name="Login_AddTestSuite" time="48.92" tests="2" failures="0" errors="0">
   <testsuite name="Login_AddTestSuite" tests="2" failures="0" errors="0" time="48.92" skipped="0" timestamp="03-07-2024T13:12:46" hostname="Akshithak - WIN10HYD000134.corp.resmed.org" id="Test Suites/Login_AddTestSuite">
      <properties>
         <property name="deviceName" value=""/>
         <property name="devicePlatform"/>
         <property name="logFolder" value="C:\\Users\\akshithak\\Katalon Studio\\Hrm\\Reports\\20240703_131238\\Login_AddTestSuite\\20240703_131239"/>
         <property name="logFiles" value="C:\\Users\\akshithak\\Katalon Studio\\Hrm\\Reports\\20240703_131238\\Login_AddTestSuite\\20240703_131239\\execution0.log"/>
         <property name="attachments" value=""/>
         <property name="hostName" value="Akshithak - WIN10HYD000134.corp.resmed.org"/>
         <property name="os" value="Windows 10 64bit"/>
         <property name="katalonVersion" value="9.6.0.217"/>
         <property name="browser" value="Chrome 126.0.0.0"/>
         <property name="hostAddress" value="10.22.23.102"/>
         <property name="sessionId" value="ae0b736a0311c51921ab797a562a8fee"/>
         <property name="seleniumVersion" value="3.141.59"/>
         <property name="proxyInformation" value="ProxyInformation { proxyOption=NO_PROXY, proxyServerType=HTTP, username=, password=********, proxyServerAddress=, proxyServerPort=0, executionList=&quot;&quot;, isApplyToDesiredCapabilities=true }"/>
         <property name="platform" value="Windows 10"/>
      </properties>
      <testcase name="Test Cases/LoginTestCase" time="18.285" classname="Test Cases/LoginTestCase" status="PASSED">
         <system-out><![CDATA[03-07-2024T13:12:46 - [TEST_CASE][PASSED] - Test Cases/LoginTestCase: Test Cases/LoginTestCase

03-07-2024T13:12:46 - [TEST_STEP][PASSED] - openBrowser(""): Browser is opened with url: ''

03-07-2024T13:12:46 - [MESSAGE][INFO] - Starting 'Chrome' driver

03-07-2024T13:12:46 - [MESSAGE][INFO] - Action delay is set to 0 milliseconds

03-07-2024T13:12:48 - [MESSAGE][PASSED] - Browser is opened with url: ''

03-07-2024T13:12:48 - [TEST_STEP][PASSED] - navigateToUrl("https://opensource-demo.orangehrmlive.com/web/index.php/auth/login"): Navigate to 'https://opensource-demo.orangehrmlive.com/web/index.php/auth/login' successfully

03-07-2024T13:12:59 - [MESSAGE][PASSED] - Navigate to 'https://opensource-demo.orangehrmlive.com/web/index.php/auth/login' successfully

03-07-2024T13:12:59 - [TEST_STEP][PASSED] - setText(findTestObject("Object Repository/LoginTestCase_OR/Page_OrangeHRM/input_Username_username"), "Admin"): Text 'Admin' is set on object 'Object Repository/LoginTestCase_OR/Page_OrangeHRM/input_Username_username'

03-07-2024T13:13:00 - [MESSAGE][PASSED] - Text 'Admin' is set on object 'Object Repository/LoginTestCase_OR/Page_OrangeHRM/input_Username_username'

03-07-2024T13:13:00 - [TEST_STEP][PASSED] - setEncryptedText(findTestObject("Object Repository/LoginTestCase_OR/Page_OrangeHRM/input_Password_password"), "hUKwJTbofgPU9eVlw/CnDQ=="): Text ****** has been set on object 'Object Repository/LoginTestCase_OR/Page_OrangeHRM/input_Password_password'

03-07-2024T13:13:01 - [MESSAGE][PASSED] - Text ****** has been set on object 'Object Repository/LoginTestCase_OR/Page_OrangeHRM/input_Password_password'

03-07-2024T13:13:01 - [TEST_STEP][PASSED] - click(findTestObject("Object Repository/LoginTestCase_OR/Page_OrangeHRM/button_Login")): Object: 'Object Repository/LoginTestCase_OR/Page_OrangeHRM/button_Login' is clicked on

03-07-2024T13:13:03 - [MESSAGE][PASSED] - Object: 'Object Repository/LoginTestCase_OR/Page_OrangeHRM/button_Login' is clicked on

03-07-2024T13:13:03 - [TEST_STEP][PASSED] - closeBrowser(): Browser is closed

03-07-2024T13:13:04 - [MESSAGE][PASSED] - Browser is closed]]></system-out>
         <system-err><![CDATA[]]></system-err>
      </testcase>
      <testcase name="Test Cases/AddEmployee" time="30.518" classname="Test Cases/AddEmployee" status="PASSED">
         <system-out><![CDATA[03-07-2024T13:13:04 - [TEST_CASE][PASSED] - Test Cases/AddEmployee: Test Cases/AddEmployee

03-07-2024T13:13:04 - [TEST_STEP][PASSED] - openBrowser(""): Browser is opened with url: ''

03-07-2024T13:13:04 - [MESSAGE][INFO] - Starting 'Chrome' driver

03-07-2024T13:13:04 - [MESSAGE][INFO] - Action delay is set to 0 milliseconds

03-07-2024T13:13:05 - [MESSAGE][PASSED] - Browser is opened with url: ''

03-07-2024T13:13:05 - [TEST_STEP][PASSED] - navigateToUrl("https://opensource-demo.orangehrmlive.com/web/index.php/auth/login"): Navigate to 'https://opensource-demo.orangehrmlive.com/web/index.php/auth/login' successfully

03-07-2024T13:13:18 - [MESSAGE][PASSED] - Navigate to 'https://opensource-demo.orangehrmlive.com/web/index.php/auth/login' successfully

03-07-2024T13:13:18 - [TEST_STEP][PASSED] - setText(findTestObject("Object Repository/AddEmployee_OR/Page_OrangeHRM/input_Username_username"), "Admin"): Text 'Admin' is set on object 'Object Repository/AddEmployee_OR/Page_OrangeHRM/input_Username_username'

03-07-2024T13:13:19 - [MESSAGE][PASSED] - Text 'Admin' is set on object 'Object Repository/AddEmployee_OR/Page_OrangeHRM/input_Username_username'

03-07-2024T13:13:19 - [TEST_STEP][PASSED] - setEncryptedText(findTestObject("Object Repository/AddEmployee_OR/Page_OrangeHRM/input_Password_password"), "hUKwJTbofgPU9eVlw/CnDQ=="): Text ****** has been set on object 'Object Repository/AddEmployee_OR/Page_OrangeHRM/input_Password_password'

03-07-2024T13:13:19 - [MESSAGE][PASSED] - Text ****** has been set on object 'Object Repository/AddEmployee_OR/Page_OrangeHRM/input_Password_password'

03-07-2024T13:13:19 - [TEST_STEP][PASSED] - click(findTestObject("Object Repository/AddEmployee_OR/Page_OrangeHRM/button_Login")): Object: 'Object Repository/AddEmployee_OR/Page_OrangeHRM/button_Login' is clicked on

03-07-2024T13:13:20 - [MESSAGE][PASSED] - Object: 'Object Repository/AddEmployee_OR/Page_OrangeHRM/button_Login' is clicked on

03-07-2024T13:13:20 - [TEST_STEP][PASSED] - click(findTestObject("Object Repository/AddEmployee_OR/Page_OrangeHRM/a_PIM")): Object: 'Object Repository/AddEmployee_OR/Page_OrangeHRM/a_PIM' is clicked on

03-07-2024T13:13:23 - [MESSAGE][PASSED] - Object: 'Object Repository/AddEmployee_OR/Page_OrangeHRM/a_PIM' is clicked on

03-07-2024T13:13:23 - [TEST_STEP][PASSED] - click(findTestObject("Object Repository/AddEmployee_OR/Page_OrangeHRM/a_Add Employee")): Object: 'Object Repository/AddEmployee_OR/Page_OrangeHRM/a_Add Employee' is clicked on

03-07-2024T13:13:25 - [MESSAGE][PASSED] - Object: 'Object Repository/AddEmployee_OR/Page_OrangeHRM/a_Add Employee' is clicked on

03-07-2024T13:13:25 - [TEST_STEP][PASSED] - setText(findTestObject("Object Repository/AddEmployee_OR/Page_OrangeHRM/input_Employee Full Name_firstName"), "Rohit"): Text 'Rohit' is set on object 'Object Repository/AddEmployee_OR/Page_OrangeHRM/input_Employee Full Name_firstName'

03-07-2024T13:13:27 - [MESSAGE][PASSED] - Text 'Rohit' is set on object 'Object Repository/AddEmployee_OR/Page_OrangeHRM/input_Employee Full Name_firstName'

03-07-2024T13:13:27 - [TEST_STEP][PASSED] - setText(findTestObject("Object Repository/AddEmployee_OR/Page_OrangeHRM/input_Employee Full Name_lastName"), "sharma"): Text 'sharma' is set on object 'Object Repository/AddEmployee_OR/Page_OrangeHRM/input_Employee Full Name_lastName'

03-07-2024T13:13:27 - [MESSAGE][PASSED] - Text 'sharma' is set on object 'Object Repository/AddEmployee_OR/Page_OrangeHRM/input_Employee Full Name_lastName'

03-07-2024T13:13:27 - [TEST_STEP][PASSED] - click(findTestObject("Object Repository/AddEmployee_OR/Page_OrangeHRM/button_Save")): Object: 'Object Repository/AddEmployee_OR/Page_OrangeHRM/button_Save' is clicked on

03-07-2024T13:13:28 - [MESSAGE][PASSED] - Object: 'Object Repository/AddEmployee_OR/Page_OrangeHRM/button_Save' is clicked on

03-07-2024T13:13:28 - [TEST_STEP][PASSED] - click(findTestObject("Object Repository/AddEmployee_OR/Page_OrangeHRM/span_Male_oxd-radio-input oxd-radio-input--_b0de6e")): Object: 'Object Repository/AddEmployee_OR/Page_OrangeHRM/span_Male_oxd-radio-input oxd-radio-input--_b0de6e' is clicked on

03-07-2024T13:13:34 - [MESSAGE][PASSED] - Object: 'Object Repository/AddEmployee_OR/Page_OrangeHRM/span_Male_oxd-radio-input oxd-radio-input--_b0de6e' is clicked on

03-07-2024T13:13:34 - [TEST_STEP][PASSED] - click(findTestObject("Object Repository/AddEmployee_OR/Page_OrangeHRM/button_Save")): Object: 'Object Repository/AddEmployee_OR/Page_OrangeHRM/button_Save' is clicked on

03-07-2024T13:13:34 - [MESSAGE][PASSED] - Object: 'Object Repository/AddEmployee_OR/Page_OrangeHRM/button_Save' is clicked on

03-07-2024T13:13:34 - [TEST_STEP][PASSED] - closeBrowser(): Browser is closed

03-07-2024T13:13:34 - [MESSAGE][PASSED] - Browser is closed]]></system-out>
         <system-err><![CDATA[]]></system-err>
      </testcase>
      <system-out><![CDATA[03-07-2024T13:12:46 - [TEST_SUITE][PASSED] - Login_AddTestSuite: Test Cases/AddEmployee]]></system-out>
      <system-err><![CDATA[]]></system-err>
   </testsuite>
</testsuites>
