<?xml version="1.0" encoding="UTF-8"?>
<testsuites name="Leave_RecruitmentSuite" time="51.259" tests="2" failures="0" errors="0">
   <testsuite name="Leave_RecruitmentSuite" tests="2" failures="0" errors="0" time="51.259" skipped="0" timestamp="03-07-2024T13:13:38" hostname="Akshithak - WIN10HYD000134.corp.resmed.org" id="Test Suites/Leave_RecruitmentSuite">
      <properties>
         <property name="deviceName" value=""/>
         <property name="devicePlatform"/>
         <property name="logFolder" value="C:\\Users\\akshithak\\Katalon Studio\\Hrm\\Reports\\20240703_131238\\Leave_RecruitmentSuite\\20240703_131241"/>
         <property name="logFiles" value="C:\\Users\\akshithak\\Katalon Studio\\Hrm\\Reports\\20240703_131238\\Leave_RecruitmentSuite\\20240703_131241\\execution0.log"/>
         <property name="attachments" value="C:\\Users\\akshithak\\Katalon Studio\\Hrm\\Reports\\20240703_131238\\Leave_RecruitmentSuite\\20240703_131241\\1719992635678.png, C:\\Users\\akshithak\\Katalon Studio\\Hrm\\Reports\\20240703_131238\\Leave_RecruitmentSuite\\20240703_131241\\1719992663338.png, C:\\Users\\akshithak\\Katalon Studio\\Hrm\\Reports\\20240703_131238\\Leave_RecruitmentSuite\\20240703_131241\\1719992667863.png"/>
         <property name="hostName" value="Akshithak - WIN10HYD000134.corp.resmed.org"/>
         <property name="os" value="Windows 10 64bit"/>
         <property name="katalonVersion" value="9.6.0.217"/>
         <property name="browser" value="Chrome 126.0.0.0"/>
         <property name="hostAddress" value="10.22.23.102"/>
         <property name="sessionId" value="94d072d8155cdec0179c244ced2a1d89"/>
         <property name="seleniumVersion" value="3.141.59"/>
         <property name="proxyInformation" value="ProxyInformation { proxyOption=NO_PROXY, proxyServerType=HTTP, username=, password=********, proxyServerAddress=, proxyServerPort=0, executionList=&quot;&quot;, isApplyToDesiredCapabilities=true }"/>
         <property name="platform" value="Windows 10"/>
      </properties>
      <testcase name="Test Cases/LeaveApplyTestCase" time="25.176" classname="Test Cases/LeaveApplyTestCase" status="PASSED">
         <system-out><![CDATA[03-07-2024T13:13:38 - [TEST_CASE][PASSED] - Test Cases/LeaveApplyTestCase: Test Cases/LeaveApplyTestCase

03-07-2024T13:13:38 - [TEST_STEP][PASSED] - openBrowser("https://opensource-demo.orangehrmlive.com/web/index.php/auth/login"): Browser is opened with url: 'https://opensource-demo.orangehrmlive.com/web/index.php/auth/login'

03-07-2024T13:13:38 - [MESSAGE][INFO] - Starting 'Chrome' driver

03-07-2024T13:13:39 - [MESSAGE][INFO] - Action delay is set to 0 milliseconds

03-07-2024T13:13:49 - [MESSAGE][PASSED] - Browser is opened with url: 'https://opensource-demo.orangehrmlive.com/web/index.php/auth/login'

03-07-2024T13:13:49 - [TEST_STEP][PASSED] - maximizeWindow(): Current window maximized

03-07-2024T13:13:49 - [MESSAGE][PASSED] - Current window maximized

03-07-2024T13:13:49 - [TEST_STEP][PASSED] - setText(findTestObject("LeaveApplyTestCase_OR/Page_OrangeHRM/input_Username_username"), "Admin"): Text 'Admin' is set on object 'Object Repository/LeaveApplyTestCase_OR/Page_OrangeHRM/input_Username_username'

03-07-2024T13:13:51 - [MESSAGE][PASSED] - Text 'Admin' is set on object 'Object Repository/LeaveApplyTestCase_OR/Page_OrangeHRM/input_Username_username'

03-07-2024T13:13:51 - [TEST_STEP][PASSED] - setText(findTestObject("LeaveApplyTestCase_OR/Page_OrangeHRM/input_Password_password"), "admin123"): Text 'admin123' is set on object 'Object Repository/LeaveApplyTestCase_OR/Page_OrangeHRM/input_Password_password'

03-07-2024T13:13:52 - [MESSAGE][PASSED] - Text 'admin123' is set on object 'Object Repository/LeaveApplyTestCase_OR/Page_OrangeHRM/input_Password_password'

03-07-2024T13:13:52 - [TEST_STEP][PASSED] - verifyElementClickable(findTestObject("LeaveApplyTestCase_OR/Page_OrangeHRM/button_Login")): Object 'Object Repository/LeaveApplyTestCase_OR/Page_OrangeHRM/button_Login' is clickable

03-07-2024T13:13:52 - [MESSAGE][PASSED] - Object 'Object Repository/LeaveApplyTestCase_OR/Page_OrangeHRM/button_Login' is clickable

03-07-2024T13:13:52 - [TEST_STEP][PASSED] - click(findTestObject("LeaveApplyTestCase_OR/Page_OrangeHRM/button_Login")): Object: 'Object Repository/LeaveApplyTestCase_OR/Page_OrangeHRM/button_Login' is clicked on

03-07-2024T13:13:53 - [MESSAGE][PASSED] - Object: 'Object Repository/LeaveApplyTestCase_OR/Page_OrangeHRM/button_Login' is clicked on

03-07-2024T13:13:53 - [TEST_STEP][PASSED] - waitForPageLoad(0): Wait for page load successfully

03-07-2024T13:13:54 - [MESSAGE][WARNING] - Timeout '0' is invalid. Using default page load timeout: '30'

03-07-2024T13:13:54 - [MESSAGE][PASSED] - Wait for page load successfully

03-07-2024T13:13:54 - [TEST_STEP][PASSED] - verifyElementPresent(findTestObject("LeaveApplyTestCase_OR/Page_OrangeHRM/h6_Dashboard"), 0): Object 'Object Repository/LeaveApplyTestCase_OR/Page_OrangeHRM/h6_Dashboard' is present

03-07-2024T13:13:54 - [MESSAGE][WARNING] - Timeout '0' is invalid. Using default page load timeout: '30'

03-07-2024T13:13:55 - [MESSAGE][PASSED] - Object 'Object Repository/LeaveApplyTestCase_OR/Page_OrangeHRM/h6_Dashboard' is present

03-07-2024T13:13:55 - [TEST_STEP][PASSED] - assert true: null

03-07-2024T13:13:55 - [TEST_STEP][PASSED] - takeFullPageScreenshot(): Taking screenshot successfully

03-07-2024T13:13:56 - [MESSAGE][INFO] - 0 hidden object(s)

03-07-2024T13:13:57 - [MESSAGE][PASSED] - Taking screenshot successfully
[[ATTACHMENT|C:\\Users\\akshithak\\Katalon Studio\\Hrm\\Reports\\20240703_131238\\Leave_RecruitmentSuite\\20240703_131241\\1719992635678.png]]

03-07-2024T13:13:57 - [TEST_STEP][PASSED] - click(findTestObject("LeaveApplyTestCase_OR/Page_OrangeHRM/a_Leave")): Object: 'Object Repository/LeaveApplyTestCase_OR/Page_OrangeHRM/a_Leave' is clicked on

03-07-2024T13:13:58 - [MESSAGE][PASSED] - Object: 'Object Repository/LeaveApplyTestCase_OR/Page_OrangeHRM/a_Leave' is clicked on

03-07-2024T13:13:58 - [TEST_STEP][PASSED] - click(findTestObject("LeaveApplyTestCase_OR/Page_OrangeHRM/a_Apply")): Object: 'Object Repository/LeaveApplyTestCase_OR/Page_OrangeHRM/a_Apply' is clicked on

03-07-2024T13:14:00 - [MESSAGE][PASSED] - Object: 'Object Repository/LeaveApplyTestCase_OR/Page_OrangeHRM/a_Apply' is clicked on

03-07-2024T13:14:00 - [TEST_STEP][PASSED] - verifyElementVisible(findTestObject("LeaveApplyTestCase_OR/Page_OrangeHRM/div_-- Select --")): Object 'Object Repository/LeaveApplyTestCase_OR/Page_OrangeHRM/div_-- Select --' is visible

03-07-2024T13:14:03 - [MESSAGE][PASSED] - Object 'Object Repository/LeaveApplyTestCase_OR/Page_OrangeHRM/div_-- Select --' is visible

03-07-2024T13:14:03 - [TEST_STEP][PASSED] - assert true: null

03-07-2024T13:14:03 - [TEST_STEP][PASSED] - closeBrowser(): Browser is closed

03-07-2024T13:14:03 - [MESSAGE][PASSED] - Browser is closed]]></system-out>
         <system-err><![CDATA[]]></system-err>
      </testcase>
      <testcase name="Test Cases/RecruitmentTestCase" time="25.958" classname="Test Cases/RecruitmentTestCase" status="PASSED">
         <system-out><![CDATA[03-07-2024T13:14:03 - [TEST_CASE][PASSED] - Test Cases/RecruitmentTestCase: Test Cases/RecruitmentTestCase

03-07-2024T13:14:03 - [TEST_STEP][PASSED] - openBrowser("https://opensource-demo.orangehrmlive.com/web/index.php/auth/login"): Browser is opened with url: 'https://opensource-demo.orangehrmlive.com/web/index.php/auth/login'

03-07-2024T13:14:03 - [MESSAGE][INFO] - Starting 'Chrome' driver

03-07-2024T13:14:03 - [MESSAGE][INFO] - Action delay is set to 0 milliseconds

03-07-2024T13:14:17 - [MESSAGE][PASSED] - Browser is opened with url: 'https://opensource-demo.orangehrmlive.com/web/index.php/auth/login'

03-07-2024T13:14:17 - [TEST_STEP][PASSED] - maximizeWindow(): Current window maximized

03-07-2024T13:14:17 - [MESSAGE][PASSED] - Current window maximized

03-07-2024T13:14:17 - [TEST_STEP][PASSED] - setText(findTestObject("RecruitmentTestCase_OR/Page_OrangeHRM/input_Username_username"), "Admin"): Text 'Admin' is set on object 'Object Repository/RecruitmentTestCase_OR/Page_OrangeHRM/input_Username_username'

03-07-2024T13:14:18 - [MESSAGE][PASSED] - Text 'Admin' is set on object 'Object Repository/RecruitmentTestCase_OR/Page_OrangeHRM/input_Username_username'

03-07-2024T13:14:18 - [TEST_STEP][PASSED] - setText(findTestObject("RecruitmentTestCase_OR/Page_OrangeHRM/input_Password_password"), "admin123"): Text 'admin123' is set on object 'Object Repository/RecruitmentTestCase_OR/Page_OrangeHRM/input_Password_password'

03-07-2024T13:14:19 - [MESSAGE][PASSED] - Text 'admin123' is set on object 'Object Repository/RecruitmentTestCase_OR/Page_OrangeHRM/input_Password_password'

03-07-2024T13:14:19 - [TEST_STEP][PASSED] - click(findTestObject("RecruitmentTestCase_OR/Page_OrangeHRM/button_Login")): Object: 'Object Repository/RecruitmentTestCase_OR/Page_OrangeHRM/button_Login' is clicked on

03-07-2024T13:14:19 - [MESSAGE][PASSED] - Object: 'Object Repository/RecruitmentTestCase_OR/Page_OrangeHRM/button_Login' is clicked on

03-07-2024T13:14:19 - [TEST_STEP][PASSED] - waitForPageLoad(0): Wait for page load successfully

03-07-2024T13:14:19 - [MESSAGE][WARNING] - Timeout '0' is invalid. Using default page load timeout: '30'

03-07-2024T13:14:20 - [MESSAGE][PASSED] - Wait for page load successfully

03-07-2024T13:14:20 - [TEST_STEP][PASSED] - verifyElementVisible(findTestObject("RecruitmentTestCase_OR/Page_OrangeHRM/h6_Dashboard")): Object 'Object Repository/RecruitmentTestCase_OR/Page_OrangeHRM/h6_Dashboard' is visible

03-07-2024T13:14:21 - [MESSAGE][PASSED] - Object 'Object Repository/RecruitmentTestCase_OR/Page_OrangeHRM/h6_Dashboard' is visible

03-07-2024T13:14:21 - [TEST_STEP][PASSED] - assert true: null

03-07-2024T13:14:21 - [TEST_STEP][PASSED] - click(findTestObject("RecruitmentTestCase_OR/Page_OrangeHRM/a_Recruitment")): Object: 'Object Repository/RecruitmentTestCase_OR/Page_OrangeHRM/a_Recruitment' is clicked on

03-07-2024T13:14:23 - [MESSAGE][PASSED] - Object: 'Object Repository/RecruitmentTestCase_OR/Page_OrangeHRM/a_Recruitment' is clicked on

03-07-2024T13:14:23 - [TEST_STEP][PASSED] - takeFullPageScreenshot(): Taking screenshot successfully

03-07-2024T13:14:23 - [MESSAGE][INFO] - 0 hidden object(s)

03-07-2024T13:14:23 - [MESSAGE][PASSED] - Taking screenshot successfully
[[ATTACHMENT|C:\\Users\\akshithak\\Katalon Studio\\Hrm\\Reports\\20240703_131238\\Leave_RecruitmentSuite\\20240703_131241\\1719992663338.png]]

03-07-2024T13:14:23 - [TEST_STEP][PASSED] - click(findTestObject("RecruitmentTestCase_OR/Page_OrangeHRM/a_Vacancies")): Object: 'Object Repository/RecruitmentTestCase_OR/Page_OrangeHRM/a_Vacancies' is clicked on

03-07-2024T13:14:25 - [MESSAGE][PASSED] - Object: 'Object Repository/RecruitmentTestCase_OR/Page_OrangeHRM/a_Vacancies' is clicked on

03-07-2024T13:14:25 - [TEST_STEP][PASSED] - click(findTestObject("RecruitmentTestCase_OR/Page_OrangeHRM/div_-- Select --")): Object: 'Object Repository/RecruitmentTestCase_OR/Page_OrangeHRM/div_-- Select --' is clicked on

03-07-2024T13:14:27 - [MESSAGE][PASSED] - Object: 'Object Repository/RecruitmentTestCase_OR/Page_OrangeHRM/div_-- Select --' is clicked on

03-07-2024T13:14:27 - [TEST_STEP][PASSED] - click(findTestObject("RecruitmentTestCase_OR/Page_OrangeHRM/span_Account Assistant")): Object: 'Object Repository/RecruitmentTestCase_OR/Page_OrangeHRM/span_Account Assistant' is clicked on

03-07-2024T13:14:27 - [MESSAGE][PASSED] - Object: 'Object Repository/RecruitmentTestCase_OR/Page_OrangeHRM/span_Account Assistant' is clicked on

03-07-2024T13:14:27 - [TEST_STEP][PASSED] - takeFullPageScreenshot(): Taking screenshot successfully

03-07-2024T13:14:28 - [MESSAGE][INFO] - 0 hidden object(s)

03-07-2024T13:14:29 - [MESSAGE][PASSED] - Taking screenshot successfully
[[ATTACHMENT|C:\\Users\\akshithak\\Katalon Studio\\Hrm\\Reports\\20240703_131238\\Leave_RecruitmentSuite\\20240703_131241\\1719992667863.png]]

03-07-2024T13:14:29 - [TEST_STEP][PASSED] - click(findTestObject("RecruitmentTestCase_OR/Page_OrangeHRM/button_Search")): Object: 'Object Repository/RecruitmentTestCase_OR/Page_OrangeHRM/button_Search' is clicked on

03-07-2024T13:14:29 - [MESSAGE][PASSED] - Object: 'Object Repository/RecruitmentTestCase_OR/Page_OrangeHRM/button_Search' is clicked on

03-07-2024T13:14:29 - [TEST_STEP][PASSED] - closeBrowser(): Browser is closed

03-07-2024T13:14:29 - [MESSAGE][PASSED] - Browser is closed]]></system-out>
         <system-err><![CDATA[]]></system-err>
      </testcase>
      <system-out><![CDATA[03-07-2024T13:13:38 - [TEST_SUITE][PASSED] - Leave_RecruitmentSuite: Test Cases/RecruitmentTestCase]]></system-out>
      <system-err><![CDATA[]]></system-err>
   </testsuite>
</testsuites>
